<?xml version="1.0" encoding="UTF-8"?>
<!-- Generated by org.testng.reporters.JUnitReportReporter -->
<testsuite hostname="Veena-Manjunath" failures="0" tests="2" name="pac1.CreateOrgTest" time="0.007" errors="0" timestamp="2024-12-20T15:01:48 IST" skipped="0">
  <testcase classname="pac1.CreateOrgTest" name="modifyOrgTest" time="0.001"/>
  <system-out/>
  <testcase classname="pac1.CreateOrgTest" name="createOrgTest" time="0.006"/>
  <system-out/>
</testsuite> <!-- pac1.CreateOrgTest -->
