<?xml version="1.0" encoding="UTF-8"?>
<!-- Generated by org.testng.reporters.JUnitReportReporter -->
<testsuite hostname="Veena-Manjunath" failures="0" tests="2" name="pac2.CreateContactTest" time="0.006" errors="0" timestamp="2024-12-20T15:01:16 IST" skipped="0">
  <testcase classname="pac2.CreateContactTest" name="createContactTest" time="0.005"/>
  <system-out/>
  <testcase classname="pac2.CreateContactTest" name="modifyContactTest" time="0.001"/>
  <system-out/>
</testsuite> <!-- pac2.CreateContactTest -->
